<?xml version="1.0" encoding="UTF-8"?>
<testng-results total="1" passed="1" failed="0" skipped="0">
  <reporter-output>
  </reporter-output>
  <suite started-at="2023-06-17T16:07:15Z" name="Default suite" finished-at="2023-06-17T16:07:20Z" duration-ms="5664">
    <groups>
    </groups>
    <test started-at="2023-06-17T16:07:15Z" name="Default test" finished-at="2023-06-17T16:07:20Z" duration-ms="5664">
      <class name="unitech.unitechConsulting.testCases.HomePage_TC_001">
        <test-method is-config="true" signature="setUp()[pri:0, instance:unitech.unitechConsulting.testCases.HomePage_TC_001@312aa7c]" started-at="2023-06-17T12:07:15Z" name="setUp" finished-at="2023-06-17T12:07:19Z" duration-ms="4694" status="PASS">
          <reporter-output>
          </reporter-output>
        </test-method> <!-- setUp -->
        <test-method signature="TC_001_ClickHeaderHomeButton()[pri:0, instance:unitech.unitechConsulting.testCases.HomePage_TC_001@312aa7c]" started-at="2023-06-17T12:07:19Z" name="TC_001_ClickHeaderHomeButton" finished-at="2023-06-17T12:07:20Z" duration-ms="928" status="PASS">
          <reporter-output>
          </reporter-output>
        </test-method> <!-- TC_001_ClickHeaderHomeButton -->
      </class> <!-- unitech.unitechConsulting.testCases.HomePage_TC_001 -->
    </test> <!-- Default test -->
  </suite> <!-- Default suite -->
</testng-results>
